/data/abalone/2020_12_17/noAbalone_SiPM2_t15.dat Number of events 787602.0
Calculate integrals for  /data/abalone/2020_12_17/noAbalone_SiPM2_t15.dat Total events: 787602
Fit parameters: [ -4   1  10 100   4]
event n. 0 area: 0.88, time to process: 0.01
event n. 1000 area: 2.58, time to process: 9.91
event n. 2000 area: 5.56, time to process: 19.98
event n. 3000 area: 0.72, time to process: 30.12
event n. 4000 area: 2.91, time to process: 39.98
event n. 5000 area: 1.63, time to process: 50.15
event n. 6000 area: 5.42, time to process: 60.41
event n. 7000 area: 4.19, time to process: 70.60
event n. 8000 area: 1.48, time to process: 80.58
event n. 9000 area: 1.73, time to process: 90.60
event n. 10000 area: 6.93, time to process: 100.59
event n. 11000 area: 4.89, time to process: 110.63
event n. 12000 area: 1.20, time to process: 120.59
event n. 13000 area: 3.28, time to process: 130.84
event n. 14000 area: 1.46, time to process: 140.92
event n. 15000 area: 1.38, time to process: 150.93
event n. 16000 area: 0.91, time to process: 161.13
event n. 17000 area: 3.62, time to process: 171.26
event n. 18000 area: 6.61, time to process: 180.99
event n. 19000 area: 1.23, time to process: 191.40
event n. 20000 area: 1.27, time to process: 201.65
event n. 21000 area: 5.76, time to process: 211.68
event n. 22000 area: 8.97, time to process: 221.71
event n. 23000 area: 8.34, time to process: 231.94
event n. 24000 area: 1.80, time to process: 242.46
event n. 25000 area: 1.07, time to process: 252.47
event n. 26000 area: 3.06, time to process: 262.98
event n. 27000 area: 1.17, time to process: 273.29
event n. 28000 area: 3.23, time to process: 283.96
event n. 29000 area: 6.55, time to process: 294.19
event n. 30000 area: 1.07, time to process: 304.21
event n. 31000 area: 2.57, time to process: 314.57
event n. 32000 area: 1.54, time to process: 324.83
event n. 33000 area: 5.53, time to process: 335.06
event n. 34000 area: 2.51, time to process: 345.39
event n. 35000 area: 4.61, time to process: 355.54
event n. 36000 area: 1.23, time to process: 365.64
event n. 37000 area: 1.13, time to process: 375.79
event n. 38000 area: 1.50, time to process: 386.33
event n. 39000 area: 8.55, time to process: 396.26
event n. 40000 area: 4.95, time to process: 406.72
event n. 41000 area: 5.34, time to process: 416.76
event n. 42000 area: 1.26, time to process: 426.99
event n. 43000 area: 3.37, time to process: 437.20
event n. 44000 area: 3.69, time to process: 449.14
event n. 45000 area: 1.46, time to process: 462.05
event n. 46000 area: 1.07, time to process: 474.75
event n. 47000 area: 2.39, time to process: 487.53
event n. 48000 area: 2.35, time to process: 500.52
event n. 49000 area: 0.95, time to process: 517.83
event n. 50000 area: 2.31, time to process: 538.03
event n. 51000 area: 5.80, time to process: 557.97
event n. 52000 area: 5.39, time to process: 578.32
event n. 53000 area: 5.40, time to process: 591.02
event n. 54000 area: 5.18, time to process: 603.58
event n. 55000 area: 1.63, time to process: 616.09
event n. 56000 area: 4.04, time to process: 628.87
event n. 57000 area: 1.23, time to process: 641.59
event n. 58000 area: 7.20, time to process: 654.52
event n. 59000 area: 2.94, time to process: 667.35
event n. 60000 area: 4.77, time to process: 679.65
event n. 61000 area: 1.27, time to process: 692.37
event n. 62000 area: 1.65, time to process: 705.31
event n. 63000 area: 2.24, time to process: 717.99
event n. 64000 area: 1.16, time to process: 730.62
event n. 65000 area: 9.09, time to process: 743.38
event n. 66000 area: 3.09, time to process: 755.90
event n. 67000 area: 4.06, time to process: 768.68
event n. 68000 area: 0.76, time to process: 781.57
event n. 69000 area: 4.49, time to process: 794.51
event n. 70000 area: 1.17, time to process: 807.39
event n. 71000 area: 1.07, time to process: 820.21
event n. 72000 area: 6.97, time to process: 832.75
event n. 73000 area: 2.76, time to process: 845.58
event n. 74000 area: 1.49, time to process: 858.29
event n. 75000 area: 1.63, time to process: 871.11
event n. 76000 area: 1.12, time to process: 884.05
event n. 77000 area: 1.26, time to process: 896.72
event n. 78000 area: 2.98, time to process: 909.74
event n. 79000 area: 1.23, time to process: 922.76
event n. 80000 area: 1.54, time to process: 935.79
event n. 81000 area: 1.31, time to process: 948.61
event n. 82000 area: 3.87, time to process: 961.16
event n. 83000 area: 4.83, time to process: 973.72
event n. 84000 area: 3.83, time to process: 986.86
event n. 85000 area: 1.33, time to process: 1006.70
event n. 86000 area: 1.22, time to process: 1029.84
event n. 87000 area: 6.52, time to process: 1053.28
event n. 88000 area: 1.68, time to process: 1076.40
event n. 89000 area: 3.02, time to process: 1099.77
event n. 90000 area: 4.08, time to process: 1123.17
event n. 91000 area: 7.88, time to process: 1146.43
event n. 92000 area: 1.76, time to process: 1169.27
event n. 93000 area: 2.91, time to process: 1192.36
event n. 94000 area: 0.98, time to process: 1215.34
event n. 95000 area: 3.44, time to process: 1238.89
event n. 96000 area: 4.53, time to process: 1262.40
event n. 97000 area: 5.95, time to process: 1285.53
event n. 98000 area: 3.04, time to process: 1309.00
event n. 99000 area: 1.50, time to process: 1332.40
event n. 100000 area: 1.65, time to process: 1355.71
event n. 101000 area: 3.91, time to process: 1379.01
event n. 102000 area: 4.33, time to process: 1402.19
event n. 103000 area: 1.35, time to process: 1425.41
event n. 104000 area: 1.39, time to process: 1448.52
event n. 105000 area: 5.92, time to process: 1471.44
event n. 106000 area: 1.74, time to process: 1493.87
event n. 107000 area: 2.60, time to process: 1517.01
event n. 108000 area: 3.11, time to process: 1540.73
event n. 109000 area: 1.26, time to process: 1563.96
event n. 110000 area: 1.17, time to process: 1586.84
event n. 111000 area: 2.07, time to process: 1610.26
event n. 112000 area: 1.16, time to process: 1633.60
event n. 113000 area: 0.93, time to process: 1656.78
event n. 114000 area: 1.32, time to process: 1679.62
event n. 115000 area: 1.41, time to process: 1702.63
event n. 116000 area: 4.71, time to process: 1725.71
event n. 117000 area: 4.70, time to process: 1749.02
event n. 118000 area: 1.32, time to process: 1772.07
event n. 119000 area: 2.64, time to process: 1795.20
event n. 120000 area: 4.54, time to process: 1818.34
event n. 121000 area: 1.21, time to process: 1841.76
event n. 122000 area: 7.30, time to process: 1864.76
event n. 123000 area: 2.37, time to process: 1888.12
event n. 124000 area: 1.16, time to process: 1911.11
event n. 125000 area: 3.00, time to process: 1933.67
event n. 126000 area: 1.11, time to process: 1956.95
event n. 127000 area: 1.70, time to process: 1980.38
event n. 128000 area: 5.34, time to process: 2003.83
event n. 129000 area: 1.58, time to process: 2026.96
event n. 130000 area: 1.04, time to process: 2050.07
event n. 131000 area: 1.20, time to process: 2073.56
event n. 132000 area: 1.70, time to process: 2097.06
event n. 133000 area: 2.80, time to process: 2120.44
event n. 134000 area: 4.73, time to process: 2143.92
event n. 135000 area: 4.32, time to process: 2167.08
event n. 136000 area: 1.77, time to process: 2190.53
event n. 137000 area: 4.41, time to process: 2213.70
event n. 138000 area: 4.58, time to process: 2236.85
event n. 139000 area: 1.56, time to process: 2260.07
event n. 140000 area: 1.18, time to process: 2282.73
event n. 141000 area: 1.96, time to process: 2306.06
event n. 142000 area: 4.87, time to process: 2329.53
event n. 143000 area: 1.23, time to process: 2352.69
event n. 144000 area: 5.40, time to process: 2375.98
event n. 145000 area: 3.11, time to process: 2390.12
event n. 146000 area: 2.83, time to process: 2402.89
event n. 147000 area: 2.99, time to process: 2415.65
event n. 148000 area: 4.09, time to process: 2428.61
event n. 149000 area: 1.47, time to process: 2441.43
event n. 150000 area: 3.84, time to process: 2454.63
event n. 151000 area: 1.21, time to process: 2467.74
event n. 152000 area: 1.29, time to process: 2480.74
event n. 153000 area: 6.23, time to process: 2493.40
event n. 154000 area: 4.68, time to process: 2505.98
event n. 155000 area: 1.21, time to process: 2518.84
event n. 156000 area: 5.89, time to process: 2531.58
event n. 157000 area: 3.10, time to process: 2544.45
event n. 158000 area: 1.93, time to process: 2557.21
event n. 159000 area: 1.61, time to process: 2570.10
event n. 160000 area: 4.90, time to process: 2582.79
event n. 161000 area: 2.32, time to process: 2595.23
event n. 162000 area: 6.39, time to process: 2608.00
event n. 163000 area: 1.28, time to process: 2620.86
event n. 164000 area: 2.59, time to process: 2633.69
event n. 165000 area: 7.93, time to process: 2646.53
event n. 166000 area: 3.64, time to process: 2659.31
event n. 167000 area: 1.39, time to process: 2672.13
event n. 168000 area: 6.87, time to process: 2684.89
event n. 169000 area: 1.12, time to process: 2697.62
event n. 170000 area: 4.12, time to process: 2710.46
event n. 171000 area: 1.13, time to process: 2723.48
event n. 172000 area: 1.24, time to process: 2736.35
event n. 173000 area: 1.73, time to process: 2749.34
event n. 174000 area: 5.39, time to process: 2762.14
event n. 175000 area: 1.10, time to process: 2776.76
event n. 176000 area: 1.34, time to process: 2789.80
event n. 177000 area: 1.72, time to process: 2802.73
event n. 178000 area: 3.58, time to process: 2815.63
event n. 179000 area: 5.64, time to process: 2828.45
event n. 180000 area: 1.12, time to process: 2841.18
event n. 181000 area: 5.62, time to process: 2854.03
event n. 182000 area: 1.24, time to process: 2866.90
event n. 183000 area: 1.22, time to process: 2879.68
event n. 184000 area: 2.36, time to process: 2892.76
event n. 185000 area: 3.08, time to process: 2905.65
event n. 186000 area: 1.18, time to process: 2918.76
event n. 187000 area: 3.93, time to process: 2931.47
event n. 188000 area: 1.57, time to process: 2944.39
event n. 189000 area: 1.73, time to process: 2957.27
event n. 190000 area: 2.92, time to process: 2969.96
event n. 191000 area: 1.27, time to process: 2982.81
event n. 192000 area: 2.67, time to process: 2995.98
event n. 193000 area: 8.68, time to process: 3009.01
event n. 194000 area: 1.95, time to process: 3021.90
event n. 195000 area: 0.89, time to process: 3035.01
event n. 196000 area: 1.37, time to process: 3047.87
event n. 197000 area: 5.17, time to process: 3060.82
event n. 198000 area: 0.97, time to process: 3073.75
event n. 199000 area: 11.53, time to process: 3086.71
event n. 200000 area: 1.21, time to process: 3099.24
event n. 201000 area: 3.81, time to process: 3112.48
event n. 202000 area: 2.29, time to process: 3125.54
event n. 203000 area: 1.16, time to process: 3138.59
event n. 204000 area: 1.81, time to process: 3151.33
event n. 205000 area: 4.75, time to process: 3164.17
event n. 206000 area: 1.33, time to process: 3177.08
event n. 207000 area: 4.73, time to process: 3190.27
event n. 208000 area: 1.19, time to process: 3203.36
event n. 209000 area: 1.04, time to process: 3216.47
event n. 210000 area: 1.50, time to process: 3229.43
event n. 211000 area: 7.40, time to process: 3242.13
event n. 212000 area: 1.17, time to process: 3255.26
event n. 213000 area: 2.09, time to process: 3268.64
event n. 214000 area: 1.07, time to process: 3281.92
event n. 215000 area: 5.06, time to process: 3294.88
event n. 216000 area: 3.54, time to process: 3307.95
event n. 217000 area: 1.30, time to process: 3320.82
event n. 218000 area: 1.32, time to process: 3333.66
event n. 219000 area: 6.14, time to process: 3346.59
event n. 220000 area: 10.57, time to process: 3359.54
event n. 221000 area: 1.14, time to process: 3372.53
event n. 222000 area: 9.56, time to process: 3385.71
event n. 223000 area: 9.51, time to process: 3398.83
event n. 224000 area: 5.70, time to process: 3411.90
event n. 225000 area: 1.03, time to process: 3424.69
event n. 226000 area: 1.62, time to process: 3437.83
event n. 227000 area: 4.65, time to process: 3450.86
event n. 228000 area: 2.54, time to process: 3463.61
event n. 229000 area: 1.20, time to process: 3476.50
event n. 230000 area: 5.07, time to process: 3489.57
event n. 231000 area: 1.04, time to process: 3502.77
event n. 232000 area: 1.38, time to process: 3515.52
event n. 233000 area: 5.04, time to process: 3528.56
event n. 234000 area: 3.14, time to process: 3541.58
event n. 235000 area: 1.12, time to process: 3554.35
event n. 236000 area: 3.38, time to process: 3567.32
event n. 237000 area: 3.67, time to process: 3580.14
event n. 238000 area: 2.55, time to process: 3593.01
event n. 239000 area: 3.46, time to process: 3606.17
event n. 240000 area: 6.08, time to process: 3619.05
event n. 241000 area: 3.72, time to process: 3631.92
event n. 242000 area: 5.26, time to process: 3644.92
event n. 243000 area: 2.82, time to process: 3657.87
event n. 244000 area: 1.98, time to process: 3671.10
event n. 245000 area: 2.44, time to process: 3684.15
event n. 246000 area: 5.01, time to process: 3697.31
event n. 247000 area: 1.91, time to process: 3710.19
event n. 248000 area: 4.31, time to process: 3723.13
event n. 249000 area: 3.45, time to process: 3736.25
event n. 250000 area: 1.11, time to process: 3749.14
event n. 251000 area: 1.53, time to process: 3762.15
event n. 252000 area: 8.44, time to process: 3775.12
event n. 253000 area: 1.79, time to process: 3788.06
event n. 254000 area: 12.78, time to process: 3800.90
event n. 255000 area: 1.42, time to process: 3813.76
event n. 256000 area: 1.02, time to process: 3826.71
event n. 257000 area: 3.76, time to process: 3839.90
event n. 258000 area: 0.83, time to process: 3852.82
event n. 259000 area: 4.95, time to process: 3865.66
event n. 260000 area: 3.98, time to process: 3878.54
event n. 261000 area: 6.24, time to process: 3891.34
event n. 262000 area: 1.17, time to process: 3904.23
event n. 263000 area: 5.77, time to process: 3917.39
event n. 264000 area: 1.42, time to process: 3930.50
event n. 265000 area: 1.31, time to process: 3943.46
event n. 266000 area: 1.32, time to process: 3956.39
event n. 267000 area: 1.24, time to process: 3969.43
event n. 268000 area: 0.68, time to process: 3982.43
event n. 269000 area: 2.28, time to process: 3995.33
event n. 270000 area: 10.13, time to process: 4008.24
event n. 271000 area: 1.19, time to process: 4021.05
event n. 272000 area: 1.12, time to process: 4034.01
event n. 273000 area: 0.94, time to process: 4047.01
event n. 274000 area: 3.63, time to process: 4060.05
event n. 275000 area: 1.13, time to process: 4073.04
event n. 276000 area: 2.30, time to process: 4085.79
event n. 277000 area: 1.01, time to process: 4098.60
event n. 278000 area: 2.28, time to process: 4111.42
event n. 279000 area: 1.94, time to process: 4124.37
event n. 280000 area: 2.23, time to process: 4137.36
event n. 281000 area: 5.44, time to process: 4150.12
event n. 282000 area: 1.27, time to process: 4163.24
event n. 283000 area: 1.25, time to process: 4175.99
event n. 284000 area: 1.24, time to process: 4188.91
event n. 285000 area: 1.77, time to process: 4201.93
event n. 286000 area: 1.56, time to process: 4214.86
event n. 287000 area: 3.46, time to process: 4227.62
event n. 288000 area: 8.38, time to process: 4238.04
event n. 289000 area: 3.99, time to process: 4248.59
event n. 290000 area: 4.16, time to process: 4259.13
event n. 291000 area: 1.16, time to process: 4269.48
event n. 292000 area: 3.99, time to process: 4279.80
event n. 293000 area: 1.54, time to process: 4290.17
event n. 294000 area: 0.95, time to process: 4300.54
event n. 295000 area: 1.41, time to process: 4311.02
event n. 296000 area: 4.44, time to process: 4321.54
event n. 297000 area: 1.69, time to process: 4331.97
event n. 298000 area: 3.13, time to process: 4342.34
event n. 299000 area: 3.13, time to process: 4352.67
event n. 300000 area: 1.44, time to process: 4363.07
event n. 301000 area: 1.41, time to process: 4373.43
event n. 302000 area: 1.33, time to process: 4383.88
event n. 303000 area: 3.89, time to process: 4394.30
event n. 304000 area: 3.62, time to process: 4404.68
event n. 305000 area: 2.95, time to process: 4415.15
event n. 306000 area: 1.36, time to process: 4425.47
event n. 307000 area: 2.72, time to process: 4436.16
event n. 308000 area: 4.37, time to process: 4446.53
event n. 309000 area: 0.68, time to process: 4457.06
event n. 310000 area: 2.23, time to process: 4467.48
event n. 311000 area: 4.79, time to process: 4477.98
event n. 312000 area: 1.43, time to process: 4488.15
event n. 313000 area: 1.31, time to process: 4498.38
event n. 314000 area: 1.79, time to process: 4508.75
event n. 315000 area: 4.49, time to process: 4519.09
event n. 316000 area: 4.22, time to process: 4529.36
event n. 317000 area: 6.09, time to process: 4539.82
event n. 318000 area: 1.57, time to process: 4550.47
event n. 319000 area: 3.27, time to process: 4560.78
event n. 320000 area: 1.27, time to process: 4571.11
event n. 321000 area: 1.88, time to process: 4581.50
event n. 322000 area: 4.62, time to process: 4592.03
event n. 323000 area: 6.16, time to process: 4602.50
event n. 324000 area: 2.04, time to process: 4612.89
event n. 325000 area: 1.15, time to process: 4623.36
event n. 326000 area: 2.88, time to process: 4633.86
event n. 327000 area: 4.76, time to process: 4644.36
event n. 328000 area: 1.47, time to process: 4654.76
event n. 329000 area: 2.94, time to process: 4665.23
event n. 330000 area: 1.17, time to process: 4675.80
event n. 331000 area: 3.84, time to process: 4686.11
event n. 332000 area: 0.96, time to process: 4696.59
event n. 333000 area: 3.89, time to process: 4707.09
event n. 334000 area: 4.75, time to process: 4717.53
event n. 335000 area: 1.44, time to process: 4727.99
event n. 336000 area: 3.81, time to process: 4738.40
event n. 337000 area: 2.27, time to process: 4748.73
event n. 338000 area: 1.92, time to process: 4759.36
event n. 339000 area: 1.02, time to process: 4769.89
event n. 340000 area: 1.28, time to process: 4780.35
event n. 341000 area: 3.11, time to process: 4790.65
event n. 342000 area: 5.78, time to process: 4801.15
event n. 343000 area: 1.15, time to process: 4811.60
event n. 344000 area: 12.02, time to process: 4821.80
event n. 345000 area: 1.25, time to process: 4832.29
event n. 346000 area: 11.09, time to process: 4842.99
event n. 347000 area: 2.41, time to process: 4853.64
event n. 348000 area: 1.18, time to process: 4864.58
event n. 349000 area: 1.06, time to process: 4875.47
event n. 350000 area: 2.55, time to process: 4886.05
event n. 351000 area: 1.04, time to process: 4896.99
event n. 352000 area: 3.71, time to process: 4907.77
event n. 353000 area: 0.96, time to process: 4918.37
event n. 354000 area: 1.64, time to process: 4928.73
event n. 355000 area: 2.17, time to process: 4939.25
event n. 356000 area: 4.39, time to process: 4949.71
event n. 357000 area: 4.53, time to process: 4960.10
event n. 358000 area: 4.54, time to process: 4970.60
event n. 359000 area: 3.99, time to process: 4981.03
event n. 360000 area: 3.35, time to process: 4991.45
event n. 361000 area: 3.52, time to process: 5001.78
event n. 362000 area: 1.85, time to process: 5012.19
event n. 363000 area: 4.76, time to process: 5022.44
event n. 364000 area: 1.24, time to process: 5032.97
event n. 365000 area: 2.41, time to process: 5043.30
event n. 366000 area: 1.61, time to process: 5053.85
event n. 367000 area: 7.50, time to process: 5064.21
event n. 368000 area: 6.13, time to process: 5074.62
event n. 369000 area: 1.92, time to process: 5085.00
event n. 370000 area: 1.33, time to process: 5095.59
event n. 371000 area: 3.55, time to process: 5106.04
event n. 372000 area: 1.07, time to process: 5116.53
event n. 373000 area: 5.64, time to process: 5126.93
event n. 374000 area: 4.83, time to process: 5137.31
event n. 375000 area: 4.50, time to process: 5147.83
event n. 376000 area: 2.38, time to process: 5158.29
event n. 377000 area: 4.67, time to process: 5168.82
event n. 378000 area: 1.97, time to process: 5179.24
event n. 379000 area: 1.44, time to process: 5189.67
event n. 380000 area: 7.64, time to process: 5200.07
event n. 381000 area: 2.28, time to process: 5210.81
event n. 382000 area: 3.03, time to process: 5221.49
event n. 383000 area: 1.54, time to process: 5231.84
event n. 384000 area: 1.82, time to process: 5242.15
event n. 385000 area: 6.08, time to process: 5252.63
event n. 386000 area: 2.94, time to process: 5263.10
event n. 387000 area: 2.76, time to process: 5273.72
event n. 388000 area: 1.67, time to process: 5284.42
event n. 389000 area: 2.54, time to process: 5294.88
event n. 390000 area: 1.16, time to process: 5305.34
event n. 391000 area: 3.86, time to process: 5315.91
event n. 392000 area: 1.88, time to process: 5326.24
event n. 393000 area: 1.13, time to process: 5336.84
event n. 394000 area: 2.76, time to process: 5347.35
event n. 395000 area: 1.64, time to process: 5357.78
event n. 396000 area: 1.39, time to process: 5368.23
event n. 397000 area: 1.11, time to process: 5378.96
event n. 398000 area: 1.16, time to process: 5389.54
event n. 399000 area: 1.57, time to process: 5399.88
event n. 400000 area: 6.90, time to process: 5410.27
event n. 401000 area: 5.43, time to process: 5420.65
event n. 402000 area: 3.93, time to process: 5431.26
event n. 403000 area: 1.05, time to process: 5441.75
event n. 404000 area: 3.39, time to process: 5452.15
event n. 405000 area: 3.10, time to process: 5462.57
event n. 406000 area: 1.37, time to process: 5472.96
event n. 407000 area: 1.67, time to process: 5483.38
event n. 408000 area: 1.35, time to process: 5493.74
event n. 409000 area: 5.97, time to process: 5504.17
event n. 410000 area: 5.03, time to process: 5514.57
event n. 411000 area: 0.92, time to process: 5525.06
event n. 412000 area: 2.27, time to process: 5535.45
event n. 413000 area: 2.94, time to process: 5545.91
event n. 414000 area: 2.50, time to process: 5556.25
event n. 415000 area: 1.13, time to process: 5566.73
event n. 416000 area: 4.91, time to process: 5577.26
event n. 417000 area: 1.16, time to process: 5587.70
event n. 418000 area: 2.64, time to process: 5598.13
event n. 419000 area: 2.07, time to process: 5608.47
event n. 420000 area: 2.36, time to process: 5618.94
event n. 421000 area: 4.99, time to process: 5629.32
event n. 422000 area: 3.31, time to process: 5639.60
event n. 423000 area: 1.49, time to process: 5650.04
event n. 424000 area: 4.80, time to process: 5660.53
event n. 425000 area: 1.27, time to process: 5671.27
event n. 426000 area: 2.11, time to process: 5681.64
event n. 427000 area: 1.18, time to process: 5692.14
event n. 428000 area: 11.52, time to process: 5702.67
event n. 429000 area: 6.21, time to process: 5713.18
event n. 430000 area: 2.03, time to process: 5723.64
event n. 431000 area: 2.37, time to process: 5733.89
event n. 432000 area: 2.43, time to process: 5744.36
event n. 433000 area: 1.71, time to process: 5754.87
event n. 434000 area: 2.71, time to process: 5765.31
event n. 435000 area: 2.66, time to process: 5775.82
event n. 436000 area: 1.22, time to process: 5786.35
event n. 437000 area: 1.18, time to process: 5796.86
event n. 438000 area: 1.35, time to process: 5807.36
event n. 439000 area: 1.08, time to process: 5817.75
event n. 440000 area: 1.40, time to process: 5828.25
event n. 441000 area: 4.80, time to process: 5838.78
event n. 442000 area: 2.37, time to process: 5849.17
event n. 443000 area: 6.58, time to process: 5859.63
event n. 444000 area: 11.90, time to process: 5870.02
event n. 445000 area: 5.32, time to process: 5880.55
event n. 446000 area: 3.12, time to process: 5891.16
event n. 447000 area: 1.60, time to process: 5901.61
event n. 448000 area: 1.35, time to process: 5912.15
event n. 449000 area: 4.69, time to process: 5922.52
event n. 450000 area: 1.21, time to process: 5932.89
event n. 451000 area: 1.15, time to process: 5943.48
event n. 452000 area: 1.19, time to process: 5954.10
event n. 453000 area: 1.82, time to process: 5964.61
event n. 454000 area: 3.39, time to process: 5975.17
event n. 455000 area: 1.16, time to process: 5985.85
event n. 456000 area: 4.81, time to process: 5996.22
event n. 457000 area: 2.48, time to process: 6006.40
event n. 458000 area: 3.47, time to process: 6017.00
event n. 459000 area: 2.20, time to process: 6027.40
event n. 460000 area: 1.95, time to process: 6038.05
event n. 461000 area: 4.06, time to process: 6048.59
event n. 462000 area: 5.49, time to process: 6059.18
event n. 463000 area: 4.85, time to process: 6069.58
event n. 464000 area: 5.91, time to process: 6080.03
event n. 465000 area: 2.99, time to process: 6090.42
event n. 466000 area: 1.21, time to process: 6100.80
event n. 467000 area: 3.80, time to process: 6111.25
event n. 468000 area: 0.84, time to process: 6121.60
event n. 469000 area: 1.24, time to process: 6132.13
event n. 470000 area: 1.38, time to process: 6142.60
event n. 471000 area: 2.36, time to process: 6153.08
event n. 472000 area: 1.38, time to process: 6163.64
event n. 473000 area: 5.67, time to process: 6174.11
event n. 474000 area: 1.71, time to process: 6184.49
event n. 475000 area: 4.36, time to process: 6194.98
event n. 476000 area: 2.82, time to process: 6205.30
event n. 477000 area: 1.34, time to process: 6215.85
event n. 478000 area: 1.83, time to process: 6226.23
event n. 479000 area: 1.21, time to process: 6236.73
event n. 480000 area: 1.34, time to process: 6247.17
event n. 481000 area: 0.96, time to process: 6257.59
event n. 482000 area: 4.01, time to process: 6268.04
event n. 483000 area: 3.65, time to process: 6278.48
event n. 484000 area: 5.07, time to process: 6288.92
event n. 485000 area: 6.10, time to process: 6299.62
event n. 486000 area: 1.36, time to process: 6310.14
event n. 487000 area: 2.11, time to process: 6320.75
event n. 488000 area: 3.45, time to process: 6331.34
event n. 489000 area: 1.27, time to process: 6341.77
event n. 490000 area: 3.94, time to process: 6351.99
event n. 491000 area: 6.29, time to process: 6362.37
event n. 492000 area: 3.96, time to process: 6372.97
event n. 493000 area: 1.15, time to process: 6383.48
event n. 494000 area: 3.72, time to process: 6394.00
event n. 495000 area: 4.01, time to process: 6404.38
event n. 496000 area: 1.45, time to process: 6414.68
event n. 497000 area: 3.84, time to process: 6425.12
event n. 498000 area: 5.42, time to process: 6435.58
event n. 499000 area: 3.63, time to process: 6446.07
event n. 500000 area: 1.38, time to process: 6456.70
event n. 501000 area: 3.24, time to process: 6467.31
event n. 502000 area: 1.49, time to process: 6477.59
event n. 503000 area: 1.19, time to process: 6487.99
event n. 504000 area: 4.67, time to process: 6498.56
event n. 505000 area: 4.30, time to process: 6509.10
event n. 506000 area: 1.22, time to process: 6519.57
event n. 507000 area: 1.20, time to process: 6530.26
event n. 508000 area: 4.12, time to process: 6540.80
event n. 509000 area: 2.17, time to process: 6551.48
event n. 510000 area: 1.60, time to process: 6562.04
event n. 511000 area: 3.20, time to process: 6572.51
event n. 512000 area: 1.62, time to process: 6583.01
event n. 513000 area: 1.17, time to process: 6593.68
event n. 514000 area: 4.37, time to process: 6604.23
event n. 515000 area: 1.19, time to process: 6614.66
event n. 516000 area: 10.03, time to process: 6625.01
event n. 517000 area: 5.42, time to process: 6635.34
event n. 518000 area: 1.41, time to process: 6645.79
event n. 519000 area: 3.46, time to process: 6656.40
event n. 520000 area: 10.54, time to process: 6667.06
event n. 521000 area: 1.56, time to process: 6677.76
event n. 522000 area: 1.35, time to process: 6688.38
event n. 523000 area: 2.60, time to process: 6698.96
event n. 524000 area: 4.88, time to process: 6709.54
event n. 525000 area: 1.28, time to process: 6719.93
event n. 526000 area: 1.97, time to process: 6730.32
event n. 527000 area: 1.41, time to process: 6740.99
event n. 528000 area: 1.33, time to process: 6751.23
event n. 529000 area: 4.89, time to process: 6761.62
event n. 530000 area: 5.29, time to process: 6772.11
event n. 531000 area: 4.21, time to process: 6782.81
event n. 532000 area: 1.30, time to process: 6793.37
event n. 533000 area: 5.61, time to process: 6803.89
event n. 534000 area: 3.58, time to process: 6814.44
event n. 535000 area: 3.39, time to process: 6825.01
event n. 536000 area: 1.54, time to process: 6835.56
event n. 537000 area: 1.35, time to process: 6845.94
event n. 538000 area: 3.42, time to process: 6856.29
event n. 539000 area: 1.36, time to process: 6866.68
event n. 540000 area: 2.58, time to process: 6877.29
event n. 541000 area: 0.89, time to process: 6887.70
event n. 542000 area: 4.76, time to process: 6898.27
event n. 543000 area: 0.61, time to process: 6908.83
event n. 544000 area: 2.55, time to process: 6919.48
event n. 545000 area: 0.77, time to process: 6930.03
event n. 546000 area: 2.08, time to process: 6940.26
event n. 547000 area: 4.78, time to process: 6950.77
event n. 548000 area: 1.90, time to process: 6961.23
event n. 549000 area: 1.63, time to process: 6971.61
event n. 550000 area: 1.06, time to process: 6982.00
event n. 551000 area: 1.64, time to process: 6992.40
event n. 552000 area: 3.34, time to process: 7002.88
event n. 553000 area: 3.97, time to process: 7013.24
event n. 554000 area: 1.83, time to process: 7023.76
event n. 555000 area: 3.56, time to process: 7034.17
event n. 556000 area: 5.41, time to process: 7044.43
event n. 557000 area: 1.88, time to process: 7054.75
event n. 558000 area: 0.97, time to process: 7065.09
event n. 559000 area: 3.60, time to process: 7075.56
event n. 560000 area: 2.92, time to process: 7085.90
event n. 561000 area: 4.71, time to process: 7096.38
event n. 562000 area: 1.46, time to process: 7106.67
event n. 563000 area: 1.12, time to process: 7117.01
event n. 564000 area: 3.85, time to process: 7127.48
event n. 565000 area: 1.66, time to process: 7138.03
event n. 566000 area: 5.01, time to process: 7148.60
event n. 567000 area: 1.23, time to process: 7159.03
event n. 568000 area: 1.55, time to process: 7169.33
event n. 569000 area: 1.03, time to process: 7179.71
event n. 570000 area: 1.35, time to process: 7189.91
event n. 571000 area: 4.69, time to process: 7200.14
event n. 572000 area: 1.47, time to process: 7210.47
event n. 573000 area: 1.04, time to process: 7220.99
event n. 574000 area: 2.29, time to process: 7231.25
event n. 575000 area: 10.04, time to process: 7241.67
event n. 576000 area: 1.10, time to process: 7251.97
event n. 577000 area: 0.98, time to process: 7262.47
event n. 578000 area: 2.89, time to process: 7272.67
event n. 579000 area: 1.31, time to process: 7282.85
event n. 580000 area: 5.73, time to process: 7293.17
event n. 581000 area: 3.65, time to process: 7303.46
event n. 582000 area: 1.16, time to process: 7313.99
event n. 583000 area: 1.66, time to process: 7324.25
event n. 584000 area: 5.11, time to process: 7334.70
event n. 585000 area: 4.92, time to process: 7345.06
event n. 586000 area: 1.24, time to process: 7355.27
event n. 587000 area: 1.35, time to process: 7365.58
event n. 588000 area: 5.07, time to process: 7376.01
event n. 589000 area: 1.26, time to process: 7386.43
event n. 590000 area: 5.19, time to process: 7396.53
event n. 591000 area: 1.04, time to process: 7406.85
event n. 592000 area: 0.89, time to process: 7417.09
event n. 593000 area: 2.89, time to process: 7427.37
event n. 594000 area: 1.20, time to process: 7437.71
event n. 595000 area: 2.92, time to process: 7447.85
event n. 596000 area: 1.20, time to process: 7458.35
event n. 597000 area: 2.88, time to process: 7468.62
event n. 598000 area: 3.26, time to process: 7478.94
event n. 599000 area: 5.23, time to process: 7489.41
event n. 600000 area: 1.25, time to process: 7499.68
event n. 601000 area: 1.52, time to process: 7509.88
event n. 602000 area: 2.07, time to process: 7520.42
event n. 603000 area: 1.14, time to process: 7530.63
event n. 604000 area: 5.17, time to process: 7541.13
event n. 605000 area: 2.52, time to process: 7551.71
event n. 606000 area: 4.88, time to process: 7561.99
event n. 607000 area: 1.42, time to process: 7572.38
event n. 608000 area: 4.77, time to process: 7582.69
event n. 609000 area: 6.08, time to process: 7593.02
event n. 610000 area: 1.48, time to process: 7603.23
event n. 611000 area: 1.59, time to process: 7613.57
event n. 612000 area: 7.27, time to process: 7623.95
event n. 613000 area: 3.47, time to process: 7634.37
event n. 614000 area: 2.13, time to process: 7644.70
event n. 615000 area: 1.00, time to process: 7655.08
event n. 616000 area: 0.93, time to process: 7665.49
event n. 617000 area: 1.28, time to process: 7675.93
event n. 618000 area: 4.97, time to process: 7686.26
event n. 619000 area: 4.20, time to process: 7696.67
event n. 620000 area: 3.79, time to process: 7707.08
event n. 621000 area: 4.73, time to process: 7717.15
event n. 622000 area: 5.72, time to process: 7727.68
event n. 623000 area: 7.30, time to process: 7737.85
event n. 624000 area: 1.12, time to process: 7748.10
event n. 625000 area: 5.12, time to process: 7758.37
event n. 626000 area: 3.63, time to process: 7768.48
event n. 627000 area: 2.42, time to process: 7778.79
event n. 628000 area: 3.05, time to process: 7789.25
event n. 629000 area: 1.12, time to process: 7799.45
event n. 630000 area: 2.81, time to process: 7809.80
event n. 631000 area: 4.78, time to process: 7820.00
event n. 632000 area: 1.52, time to process: 7830.48
event n. 633000 area: 4.58, time to process: 7840.72
event n. 634000 area: 4.13, time to process: 7851.10
event n. 635000 area: 1.26, time to process: 7861.54
event n. 636000 area: 1.72, time to process: 7871.88
event n. 637000 area: 2.25, time to process: 7882.30
event n. 638000 area: 1.01, time to process: 7892.76
event n. 639000 area: 2.94, time to process: 7902.98
event n. 640000 area: 4.33, time to process: 7913.15
event n. 641000 area: 5.40, time to process: 7923.48
event n. 642000 area: 2.38, time to process: 7933.57
event n. 643000 area: 1.24, time to process: 7943.90
event n. 644000 area: 1.17, time to process: 7954.07
event n. 645000 area: 1.24, time to process: 7964.36
event n. 646000 area: 6.81, time to process: 7974.50
event n. 647000 area: 5.84, time to process: 7984.86
event n. 648000 area: 1.04, time to process: 7995.17
event n. 649000 area: 1.30, time to process: 8005.62
event n. 650000 area: 3.37, time to process: 8015.88
event n. 651000 area: 3.61, time to process: 8026.21
event n. 652000 area: 4.66, time to process: 8036.53
event n. 653000 area: 1.59, time to process: 8046.96
event n. 654000 area: 1.18, time to process: 8057.27
event n. 655000 area: 1.30, time to process: 8067.73
event n. 656000 area: 4.93, time to process: 8078.13
event n. 657000 area: 1.23, time to process: 8088.45
event n. 658000 area: 2.01, time to process: 8098.76
event n. 659000 area: 4.44, time to process: 8109.08
event n. 660000 area: 3.56, time to process: 8119.36
event n. 661000 area: 4.88, time to process: 8129.60
event n. 662000 area: 2.33, time to process: 8139.80
event n. 663000 area: 1.22, time to process: 8150.18
event n. 664000 area: 1.27, time to process: 8160.40
event n. 665000 area: 7.48, time to process: 8170.67
event n. 666000 area: 8.31, time to process: 8181.15
event n. 667000 area: 3.78, time to process: 8191.29
event n. 668000 area: 0.88, time to process: 8201.77
event n. 669000 area: 3.22, time to process: 8212.04
event n. 670000 area: 4.67, time to process: 8222.39
event n. 671000 area: 1.75, time to process: 8232.80
event n. 672000 area: 1.27, time to process: 8243.27
event n. 673000 area: 3.42, time to process: 8253.64
event n. 674000 area: 1.04, time to process: 8264.02
event n. 675000 area: 3.50, time to process: 8274.57
event n. 676000 area: 1.11, time to process: 8284.78
event n. 677000 area: 3.63, time to process: 8295.29
event n. 678000 area: 3.38, time to process: 8305.69
event n. 679000 area: 2.89, time to process: 8316.09
event n. 680000 area: 3.84, time to process: 8326.52
event n. 681000 area: 1.33, time to process: 8336.79
event n. 682000 area: 1.04, time to process: 8347.17
event n. 683000 area: 4.27, time to process: 8357.51
event n. 684000 area: 1.26, time to process: 8367.76
event n. 685000 area: 7.19, time to process: 8378.18
event n. 686000 area: 1.58, time to process: 8388.47
event n. 687000 area: 13.55, time to process: 8398.75
event n. 688000 area: 1.15, time to process: 8409.04
event n. 689000 area: 4.06, time to process: 8419.44
event n. 690000 area: 5.49, time to process: 8429.76
event n. 691000 area: 1.09, time to process: 8440.17
event n. 692000 area: 4.60, time to process: 8450.71
event n. 693000 area: 1.36, time to process: 8461.19
event n. 694000 area: 3.09, time to process: 8471.49
event n. 695000 area: 1.87, time to process: 8481.70
event n. 696000 area: 1.49, time to process: 8492.24
event n. 697000 area: 1.74, time to process: 8502.64
event n. 698000 area: 1.93, time to process: 8512.96
event n. 699000 area: 1.18, time to process: 8523.24
event n. 700000 area: 8.30, time to process: 8533.55
event n. 701000 area: 4.04, time to process: 8543.97
event n. 702000 area: 1.37, time to process: 8554.21
event n. 703000 area: 8.04, time to process: 8564.48
event n. 704000 area: 7.39, time to process: 8574.81
event n. 705000 area: 1.45, time to process: 8585.20
event n. 706000 area: 1.53, time to process: 8595.46
event n. 707000 area: 9.39, time to process: 8605.92
event n. 708000 area: 3.84, time to process: 8616.31
event n. 709000 area: 2.81, time to process: 8626.60
event n. 710000 area: 2.38, time to process: 8636.94
event n. 711000 area: 2.04, time to process: 8647.36
event n. 712000 area: 1.45, time to process: 8657.66
event n. 713000 area: 6.13, time to process: 8668.09
event n. 714000 area: 2.05, time to process: 8678.32
event n. 715000 area: 1.19, time to process: 8688.62
event n. 716000 area: 4.18, time to process: 8699.09
event n. 717000 area: 1.18, time to process: 8709.51
event n. 718000 area: 4.86, time to process: 8719.88
event n. 719000 area: 3.58, time to process: 8730.26
event n. 720000 area: 1.12, time to process: 8740.57
event n. 721000 area: 7.88, time to process: 8751.02
event n. 722000 area: 2.86, time to process: 8761.18
event n. 723000 area: 1.07, time to process: 8771.55
event n. 724000 area: 1.10, time to process: 8782.00
event n. 725000 area: 5.05, time to process: 8792.38
event n. 726000 area: 1.66, time to process: 8802.85
event n. 727000 area: 1.13, time to process: 8813.19
event n. 728000 area: 4.96, time to process: 8823.59
event n. 729000 area: 3.13, time to process: 8834.20
event n. 730000 area: 1.12, time to process: 8844.74
event n. 731000 area: 1.11, time to process: 8855.08
event n. 732000 area: 1.32, time to process: 8865.57
event n. 733000 area: 1.83, time to process: 8876.10
event n. 734000 area: 1.82, time to process: 8886.64
event n. 735000 area: 1.08, time to process: 8897.17
event n. 736000 area: 3.21, time to process: 8907.60
event n. 737000 area: 4.85, time to process: 8917.89
event n. 738000 area: 2.34, time to process: 8928.42
event n. 739000 area: 4.67, time to process: 8938.70
event n. 740000 area: 5.37, time to process: 8948.99
event n. 741000 area: 1.18, time to process: 8959.33
event n. 742000 area: 3.98, time to process: 8969.84
event n. 743000 area: 2.13, time to process: 8980.15
event n. 744000 area: 1.11, time to process: 8990.64
event n. 745000 area: 1.19, time to process: 9000.86
event n. 746000 area: 1.27, time to process: 9011.28
event n. 747000 area: 1.92, time to process: 9022.02
event n. 748000 area: 1.26, time to process: 9032.33
event n. 749000 area: 3.67, time to process: 9043.09
event n. 750000 area: 4.72, time to process: 9053.36
event n. 751000 area: 4.42, time to process: 9063.78
event n. 752000 area: 5.68, time to process: 9074.32
event n. 753000 area: 1.51, time to process: 9084.69
event n. 754000 area: 1.93, time to process: 9095.07
event n. 755000 area: 3.84, time to process: 9105.33
event n. 756000 area: 1.22, time to process: 9115.72
event n. 757000 area: 3.71, time to process: 9126.22
event n. 758000 area: 4.12, time to process: 9136.49
event n. 759000 area: 1.34, time to process: 9146.95
event n. 760000 area: 4.99, time to process: 9157.23
event n. 761000 area: 1.52, time to process: 9167.70
event n. 762000 area: 1.05, time to process: 9177.96
event n. 763000 area: 3.20, time to process: 9188.37
event n. 764000 area: 2.26, time to process: 9198.65
event n. 765000 area: 6.83, time to process: 9209.11
event n. 766000 area: 2.84, time to process: 9219.63
event n. 767000 area: 4.31, time to process: 9230.24
event n. 768000 area: 1.31, time to process: 9240.49
event n. 769000 area: 3.08, time to process: 9250.81
event n. 770000 area: 2.74, time to process: 9261.18
event n. 771000 area: 3.88, time to process: 9271.41
event n. 772000 area: 1.65, time to process: 9281.67
event n. 773000 area: 1.62, time to process: 9292.10
event n. 774000 area: 1.00, time to process: 9302.74
event n. 775000 area: 16.90, time to process: 9313.11
event n. 776000 area: 1.39, time to process: 9323.43
event n. 777000 area: 1.38, time to process: 9334.00
event n. 778000 area: 1.63, time to process: 9344.35
event n. 779000 area: 2.77, time to process: 9354.80
event n. 780000 area: 1.30, time to process: 9365.27
event n. 781000 area: 1.48, time to process: 9375.80
event n. 782000 area: 1.19, time to process: 9386.14
event n. 783000 area: 4.39, time to process: 9396.63
event n. 784000 area: 0.90, time to process: 9406.84
event n. 785000 area: 1.31, time to process: 9417.25
event n. 786000 area: 3.90, time to process: 9427.59
event n. 787000 area: 4.90, time to process: 9438.08

